(henrybuisseret)Running: start_machine                            [ exec-time = 0.001 ms ]
(henrybuisseret)Running: boil_water                               [ exec-time = 0.001 ms ]
(henrybuisseret)Running: make_coffee                              [ exec-time = 0.001 ms ]
(henrybuisseret)Running: add_water                                [ exec-time = 0.001 ms ]
(henrybuisseret)Running: start_machine                            [ exec-time = 0.10799999999999699 ms ]
(henrybuisseret)Running: boil_water                               [ exec-time = 0.016000000000002124 ms ]
(henrybuisseret)Running: make_coffee                              [ exec-time = 0.002070 s ]
(henrybuisseret)Running: start_machine                            [ exec-time = 0.001000000000001 ms ]
(henrybuisseret)Running: boil_water                               [ exec-time = 0.009000000000002062 ms ]
(henrybuisseret)Running: make_coffee                              [ exec-time = 0.001286 s ]
(henrybuisseret)Running: start_machine                            [ exec-time = 0.0030000000000030003 ms ]
(henrybuisseret)Running: boil_water                               [ exec-time = 0.0049999999999980616 ms ]
(henrybuisseret)Running: make_coffee                              [ exec-time = 0.001294 s ]
(henrybuisseret)Running: start_machine                            [ exec-time = 0.0019999999999950613 ms ]
(henrybuisseret)Running: boil_water                               [ exec-time = 0.007000000000000062 ms ]
(henrybuisseret)Running: make_coffee                              [ exec-time = 0.001303 s ]
(henrybuisseret)Running: start_machine                            [ exec-time = 0.025999999999998247 ms ]
(henrybuisseret)Running: make_coffee                              [ exec-time = 0.2559999999999993 ms ]
(henrybuisseret)Running: start_machine                            [ exec-time = 0.016000000000002124 ms ]
(henrybuisseret)Running: make_coffee                              [ exec-time = 0.14599999999999336 ms ]
(henrybuisseret)Running: add_water                                [ exec-time = 0.10200000000000486 ms ]
